<?xml version="1.0" encoding="UTF-8"?>
<!-- Generated by org.testng.reporters.JUnitReportReporter -->
<testsuite hostname="Sais-MacBook-Air-2.local" failures="0" tests="4" name="Streams" time="0.011" errors="0" timestamp="2024-03-21T17:25:26 PDT" skipped="0">
  <testcase classname="Streams" name="streamMap" time="0.002"/>
  <testcase classname="Streams" name="StreamCollect" time="0.006"/>
  <testcase classname="Streams" name="myMethod" time="0.001"/>
  <testcase classname="Streams" name="steramFilter" time="0.002"/>
</testsuite> <!-- Streams -->
