<?xml version="1.0" encoding="UTF-8"?>
<!-- Generated by org.testng.reporters.JUnitReportReporter -->
<testsuite hostname="Sais-MacBook-Air-2.local" failures="0" tests="2" name="test.Demo" time="0.004" errors="0" timestamp="2024-03-25T21:20:06 PDT" skipped="0">
  <testcase classname="test.Demo" name="second" time="0.000"/>
  <system-out/>
  <testcase classname="test.Demo" name="demo" time="0.004"/>
  <system-out/>
</testsuite> <!-- test.Demo -->
