<?xml version="1.0" encoding="UTF-8"?>
<!-- Generated by org.testng.reporters.JUnitReportReporter -->
<testsuite hostname="Sais-MacBook-Air-2.local" failures="0" tests="1" name="test.Demo2" time="0.000" errors="0" timestamp="2024-03-25T21:20:06 PDT" skipped="0">
  <testcase classname="test.Demo2" name="test2" time="0.000"/>
  <system-out/>
</testsuite> <!-- test.Demo2 -->
