<?xml version="1.0" encoding="UTF-8"?>
<!-- Generated by org.testng.reporters.JUnitReportReporter -->
<testsuite hostname="Sais-MacBook-Air-2.local" failures="0" tests="3" name="test.day4" time="0.002" errors="0" timestamp="2024-03-26T17:02:16 PDT" skipped="0">
  <testcase classname="test.day4" name="LoginAPIHomeLoan" time="0.000"/>
  <system-out/>
  <testcase classname="test.day4" name="WebloginHomeLoan" time="0.001"/>
  <system-out/>
  <testcase classname="test.day4" name="MobileLoginHomeLoan" time="0.001"/>
  <system-out/>
</testsuite> <!-- test.day4 -->
